<?xml version="1.0" encoding="UTF-8"?>
<testsuite name="OpenAiChatModelIT" tests="1" skipped="0" failures="1" errors="0" timestamp="2026-08-22T20:27:35.144Z" hostname="NOT-MAH" time="4.44">
  <properties/>
  <testcase name="should_receiveResponse_when_chatModelIsCalled()" classname="OpenAiChatModelIT" time="4.44">
    <failure message="org.springframework.ai.retry.NonTransientAiException: 429 - {&#10;    &quot;error&quot;: {&#10;        &quot;message&quot;: &quot;You exceeded your current quota, please check your plan and billing details. For more information on this error, read the docs: https://platform.openai.com/docs/guides/error-codes/api-errors.&quot;,&#10;        &quot;type&quot;: &quot;insufficient_quota&quot;,&#10;        &quot;param&quot;: null,&#10;        &quot;code&quot;: &quot;insufficient_quota&quot;&#10;    }&#10;}&#10;" type="org.springframework.ai.retry.NonTransientAiException">org.springframework.ai.retry.NonTransientAiException: 429 - {
    &quot;error&quot;: {
        &quot;message&quot;: &quot;You exceeded your current quota, please check your plan and billing details. For more information on this error, read the docs: https://platform.openai.com/docs/guides/error-codes/api-errors.&quot;,
        &quot;type&quot;: &quot;insufficient_quota&quot;,
        &quot;param&quot;: null,
        &quot;code&quot;: &quot;insufficient_quota&quot;
    }
}

	at app//org.springframework.ai.retry.RetryUtils$1.handleError(RetryUtils.java:90)
	at app//org.springframework.ai.retry.RetryUtils$1.handleError(RetryUtils.java:75)
	at app//org.springframework.web.client.StatusHandler.lambda$fromErrorHandler$0(StatusHandler.java:98)
	at app//org.springframework.web.client.StatusHandler.handle(StatusHandler.java:75)
	at app//org.springframework.web.client.DefaultRestClient$DefaultResponseSpec.applyStatusHandlers(DefaultRestClient.java:940)
	at app//org.springframework.web.client.DefaultRestClient$DefaultResponseSpec.lambda$readBody$0(DefaultRestClient.java:929)
	at app//org.springframework.web.client.DefaultRestClient.readWithMessageConverters(DefaultRestClient.java:224)
	at app//org.springframework.web.client.DefaultRestClient$DefaultResponseSpec.readBody(DefaultRestClient.java:928)
	at app//org.springframework.web.client.DefaultRestClient$DefaultResponseSpec.lambda$toEntityInternal$0(DefaultRestClient.java:868)
	at app//org.springframework.web.client.DefaultRestClient$DefaultRequestBodyUriSpec.exchangeInternal(DefaultRestClient.java:617)
	at app//org.springframework.web.client.DefaultRestClient$DefaultRequestBodyUriSpec.exchange(DefaultRestClient.java:572)
	at app//org.springframework.web.client.RestClient$RequestHeadersSpec.exchange(RestClient.java:747)
	at app//org.springframework.web.client.DefaultRestClient$DefaultResponseSpec.executeAndExtract(DefaultRestClient.java:921)
	at app//org.springframework.web.client.DefaultRestClient$DefaultResponseSpec.toEntityInternal(DefaultRestClient.java:867)
	at app//org.springframework.web.client.DefaultRestClient$DefaultResponseSpec.toEntity(DefaultRestClient.java:856)
	at app//org.springframework.ai.openai.api.OpenAiApi.chatCompletionEntity(OpenAiApi.java:235)
	at app//org.springframework.ai.openai.OpenAiChatModel.lambda$internalCall$2(OpenAiChatModel.java:199)
	at app//org.springframework.core.retry.RetryTemplate.execute(RetryTemplate.java:135)
	at app//org.springframework.ai.retry.RetryUtils.execute(RetryUtils.java:168)
	at app//org.springframework.ai.openai.OpenAiChatModel.lambda$internalCall$1(OpenAiChatModel.java:198)
	at app//io.micrometer.observation.Observation.observe(Observation.java:634)
	at app//org.springframework.ai.openai.OpenAiChatModel.internalCall(OpenAiChatModel.java:196)
	at app//org.springframework.ai.openai.OpenAiChatModel.call(OpenAiChatModel.java:181)
	at app//org.springframework.ai.chat.model.ChatModel.call(ChatModel.java:34)
	at app//OpenAiChatModelIT.should_receiveResponse_when_chatModelIsCalled(OpenAiChatModelIT.java:58)
</failure>
  </testcase>
  <system-out><![CDATA[
  .   ____          _            __ _ _
 /\\ / ___'_ __ _ _(_)_ __  __ _ \ \ \ \
( ( )\___ | '_ | '_| | '_ \/ _` | \ \ \ \
 \\/  ___)| |_)| | | | | || (_| |  ) ) ) )
  '  |____| .__|_| |_|_| |_\__, | / / / /
 =========|_|==============|___/=/_/_/_/

 :: Spring Boot ::                (v4.0.5)

2026-08-22T17:27:34.863-03:00  INFO 3784 --- [budgeting] [    Test worker] OpenAiChatModelIT                        : Starting OpenAiChatModelIT using Java 24.0.1 with PID 3784 (started by marin in C:\Users\marin\Documents\MEGA\Projetos\Clones\Santander 2026 - AI Java Back end\budgeting)
2026-08-22T17:27:34.868-03:00  INFO 3784 --- [budgeting] [    Test worker] OpenAiChatModelIT                        : No active profile set, falling back to 1 default profile: "default"
2026-08-22T17:27:35.042-03:00  INFO 3784 --- [budgeting] [    Test worker] OpenAiChatModelIT                        : Started OpenAiChatModelIT in 0.605 seconds (process running for 2.441)
]]></system-out>
  <system-err><![CDATA[Mockito is currently self-attaching to enable the inline-mock-maker. This will no longer work in future releases of the JDK. Please add Mockito as an agent to your build as described in Mockito's documentation: https://javadoc.io/doc/org.mockito/mockito-core/latest/org.mockito/org/mockito/Mockito.html#0.3
WARNING: A Java agent has been loaded dynamically (C:\Users\marin\.gradle\caches\modules-2\files-2.1\net.bytebuddy\byte-buddy-agent\1.17.8\f09415827a71be7ed621c7bd02550678f28bc81c\byte-buddy-agent-1.17.8.jar)
WARNING: If a serviceability tool is in use, please run with -XX:+EnableDynamicAgentLoading to hide this warning
WARNING: If a serviceability tool is not in use, please run with -Djdk.instrument.traceUsage for more information
WARNING: Dynamic loading of agents will be disallowed by default in a future release
]]></system-err>
</testsuite>
